2022-06-04 21:18:44 WARN  Shell:692 - Did not find winutils.exe: {}
java.io.FileNotFoundException: java.io.FileNotFoundException: HADOOP_HOME and hadoop.home.dir are unset. -see https://wiki.apache.org/hadoop/WindowsProblems
	at org.apache.hadoop.util.Shell.fileNotFoundException(Shell.java:547)
	at org.apache.hadoop.util.Shell.getHadoopHomeDir(Shell.java:568)
	at org.apache.hadoop.util.Shell.getQualifiedBin(Shell.java:591)
	at org.apache.hadoop.util.Shell.<clinit>(Shell.java:688)
	at org.apache.hadoop.fs.GetSpaceUsed$Builder.getKlass(GetSpaceUsed.java:79)
	at org.apache.hadoop.fs.GetSpaceUsed$Builder.build(GetSpaceUsed.java:148)
	at org.apache.hadoop.fs.DU.main(DU.java:99)
Caused by: java.io.FileNotFoundException: HADOOP_HOME and hadoop.home.dir are unset.
	at org.apache.hadoop.util.Shell.checkHadoopHomeInner(Shell.java:467)
	at org.apache.hadoop.util.Shell.checkHadoopHome(Shell.java:438)
	at org.apache.hadoop.util.Shell.<clinit>(Shell.java:515)
	... 3 more
2022-06-04 21:20:37 WARN  Shell:692 - Did not find winutils.exe: {}
java.io.FileNotFoundException: java.io.FileNotFoundException: HADOOP_HOME and hadoop.home.dir are unset. -see https://wiki.apache.org/hadoop/WindowsProblems
	at org.apache.hadoop.util.Shell.fileNotFoundException(Shell.java:547)
	at org.apache.hadoop.util.Shell.getHadoopHomeDir(Shell.java:568)
	at org.apache.hadoop.util.Shell.getQualifiedBin(Shell.java:591)
	at org.apache.hadoop.util.Shell.<clinit>(Shell.java:688)
	at org.apache.hadoop.fs.GetSpaceUsed$Builder.getKlass(GetSpaceUsed.java:79)
	at org.apache.hadoop.fs.GetSpaceUsed$Builder.build(GetSpaceUsed.java:148)
	at org.apache.hadoop.fs.DU.main(DU.java:99)
Caused by: java.io.FileNotFoundException: HADOOP_HOME and hadoop.home.dir are unset.
	at org.apache.hadoop.util.Shell.checkHadoopHomeInner(Shell.java:467)
	at org.apache.hadoop.util.Shell.checkHadoopHome(Shell.java:438)
	at org.apache.hadoop.util.Shell.<clinit>(Shell.java:515)
	... 3 more
2022-06-04 23:38:42 WARN  Shell:692 - Did not find winutils.exe: {}
java.io.FileNotFoundException: java.io.FileNotFoundException: HADOOP_HOME and hadoop.home.dir are unset. -see https://wiki.apache.org/hadoop/WindowsProblems
	at org.apache.hadoop.util.Shell.fileNotFoundException(Shell.java:547)
	at org.apache.hadoop.util.Shell.getHadoopHomeDir(Shell.java:568)
	at org.apache.hadoop.util.Shell.getQualifiedBin(Shell.java:591)
	at org.apache.hadoop.util.Shell.<clinit>(Shell.java:688)
	at org.apache.hadoop.fs.GetSpaceUsed$Builder.getKlass(GetSpaceUsed.java:79)
	at org.apache.hadoop.fs.GetSpaceUsed$Builder.build(GetSpaceUsed.java:148)
	at org.apache.hadoop.fs.DU.main(DU.java:99)
Caused by: java.io.FileNotFoundException: HADOOP_HOME and hadoop.home.dir are unset.
	at org.apache.hadoop.util.Shell.checkHadoopHomeInner(Shell.java:467)
	at org.apache.hadoop.util.Shell.checkHadoopHome(Shell.java:438)
	at org.apache.hadoop.util.Shell.<clinit>(Shell.java:515)
	... 3 more
